android/build/intermediates/manifest_merge_blame_file/release/manifest-merger-blame-release-report.txt
1<?xml version="1.0" encoding="utf-8"?>
2<manifest xmlns:android="http://schemas.android.com/apk/res/android"
3    package="ogz.tripeaks"
4    android:versionCode="20"
5    android:versionName="1.0" >
6
7    <uses-sdk
8        android:minSdkVersion="24"
8-->tripeaks\android\AndroidManifest.xml
9        android:targetSdkVersion="30" />
9-->tripeaks\android\AndroidManifest.xml
10
11    <uses-feature
11-->tripeaks\android\AndroidManifest.xml:5:5-78
12        android:glEsVersion="0x00020000"
12-->tripeaks\android\AndroidManifest.xml:5:19-51
13        android:required="true" />
13-->tripeaks\android\AndroidManifest.xml:5:52-75
14
15    <application
15-->tripeaks\android\AndroidManifest.xml:7:5-24:19
16        android:allowBackup="true"
16-->tripeaks\android\AndroidManifest.xml:8:9-35
17        android:appCategory="game"
17-->tripeaks\android\AndroidManifest.xml:11:9-35
18        android:icon="@drawable/ic_launcher"
18-->tripeaks\android\AndroidManifest.xml:9:9-45
19        android:isGame="true"
19-->tripeaks\android\AndroidManifest.xml:10:9-30
20        android:label="@string/app_name"
20-->tripeaks\android\AndroidManifest.xml:12:9-41
21        android:theme="@style/GdxTheme" >
21-->tripeaks\android\AndroidManifest.xml:13:9-40
22        <activity
22-->tripeaks\android\AndroidManifest.xml:14:9-23:20
23            android:name="ogz.tripeaks.AndroidLauncher"
23-->tripeaks\android\AndroidManifest.xml:15:13-56
24            android:configChanges="keyboard|keyboardHidden|navigation|orientation|screenSize|screenLayout"
24-->tripeaks\android\AndroidManifest.xml:18:13-107
25            android:label="@string/app_name"
25-->tripeaks\android\AndroidManifest.xml:16:13-45
26            android:screenOrientation="landscape" >
26-->tripeaks\android\AndroidManifest.xml:17:13-50
27            <intent-filter>
27-->tripeaks\android\AndroidManifest.xml:19:13-22:29
28                <action android:name="android.intent.action.MAIN" />
28-->tripeaks\android\AndroidManifest.xml:20:17-69
28-->tripeaks\android\AndroidManifest.xml:20:25-66
29
30                <category android:name="android.intent.category.LAUNCHER" />
30-->tripeaks\android\AndroidManifest.xml:21:17-77
30-->tripeaks\android\AndroidManifest.xml:21:27-74
31            </intent-filter>
32        </activity>
33    </application>
34
35</manifest>